  shooter.cpp
C:\Users\lenovo\source\repos\space shooter\space shooter\shooter.cpp(126,29): warning C4244: '=': conversion from 'int' to 'float', possible loss of data
C:\Users\lenovo\source\repos\space shooter\space shooter\shooter.cpp(130,12): warning C4244: 'argument': conversion from 'time_t' to 'unsigned int', possible loss of data
C:\Users\lenovo\source\repos\space shooter\space shooter\shooter.cpp(137,27): warning C4244: '=': conversion from 'double' to 'float', possible loss of data
C:\Users\lenovo\source\repos\space shooter\space shooter\shooter.cpp(140,30): warning C4244: '=': conversion from 'int' to 'float', possible loss of data
C:\Users\lenovo\source\repos\space shooter\space shooter\shooter.cpp(223,29): warning C4838: conversion from 'int' to 'float' requires a narrowing conversion
C:\Users\lenovo\source\repos\space shooter\space shooter\shooter.cpp(223,29): warning C4244: 'initializing': conversion from 'int' to 'float', possible loss of data
C:\Users\lenovo\source\repos\space shooter\space shooter\shooter.cpp(223,36): warning C4838: conversion from 'int' to 'float' requires a narrowing conversion
C:\Users\lenovo\source\repos\space shooter\space shooter\shooter.cpp(223,36): warning C4244: 'initializing': conversion from 'int' to 'float', possible loss of data
C:\Users\lenovo\source\repos\space shooter\space shooter\shooter.cpp(223,43): warning C4838: conversion from 'int' to 'float' requires a narrowing conversion
C:\Users\lenovo\source\repos\space shooter\space shooter\shooter.cpp(223,43): warning C4244: 'initializing': conversion from 'int' to 'float', possible loss of data
C:\Users\lenovo\source\repos\space shooter\space shooter\shooter.cpp(223,50): warning C4838: conversion from 'int' to 'float' requires a narrowing conversion
C:\Users\lenovo\source\repos\space shooter\space shooter\shooter.cpp(223,50): warning C4244: 'initializing': conversion from 'int' to 'float', possible loss of data
C:\Users\lenovo\source\repos\space shooter\space shooter\shooter.cpp(250,15): warning C4244: 'argument': conversion from 'time_t' to 'unsigned int', possible loss of data
C:\Users\lenovo\source\repos\space shooter\space shooter\shooter.cpp(309,38): warning C4838: conversion from 'int' to 'float' requires a narrowing conversion
C:\Users\lenovo\source\repos\space shooter\space shooter\shooter.cpp(309,38): warning C4244: 'initializing': conversion from 'int' to 'float', possible loss of data
C:\Users\lenovo\source\repos\space shooter\space shooter\shooter.cpp(309,45): warning C4838: conversion from 'int' to 'float' requires a narrowing conversion
C:\Users\lenovo\source\repos\space shooter\space shooter\shooter.cpp(309,45): warning C4244: 'initializing': conversion from 'int' to 'float', possible loss of data
C:\Users\lenovo\source\repos\space shooter\space shooter\shooter.cpp(309,52): warning C4838: conversion from 'int' to 'float' requires a narrowing conversion
C:\Users\lenovo\source\repos\space shooter\space shooter\shooter.cpp(309,52): warning C4244: 'initializing': conversion from 'int' to 'float', possible loss of data
C:\Users\lenovo\source\repos\space shooter\space shooter\shooter.cpp(309,59): warning C4838: conversion from 'int' to 'float' requires a narrowing conversion
C:\Users\lenovo\source\repos\space shooter\space shooter\shooter.cpp(309,59): warning C4244: 'initializing': conversion from 'int' to 'float', possible loss of data
C:\Users\lenovo\source\repos\space shooter\space shooter\shooter.cpp(328,45): warning C4838: conversion from 'int' to 'float' requires a narrowing conversion
C:\Users\lenovo\source\repos\space shooter\space shooter\shooter.cpp(328,45): warning C4244: 'initializing': conversion from 'int' to 'float', possible loss of data
C:\Users\lenovo\source\repos\space shooter\space shooter\shooter.cpp(328,62): warning C4838: conversion from 'int' to 'float' requires a narrowing conversion
C:\Users\lenovo\source\repos\space shooter\space shooter\shooter.cpp(328,62): warning C4244: 'initializing': conversion from 'int' to 'float', possible loss of data
  space shooter.vcxproj -> C:\Users\lenovo\source\repos\space shooter\x64\Debug\space shooter.exe
